<?xml version="1.0" encoding="UTF-8"?>
<!-- Generated by org.testng.reporters.JUnitReportReporter -->
<testsuite hostname="DESKTOP-LHKJTEQ" failures="0" tests="1" name="recap.java.TestNGLearning" time="0.010" errors="0" timestamp="2023-10-30T09:32:46 GMT" skipped="0">
  <testcase classname="recap.java.TestNGLearning" name="testAdd" time="0.010"/>
  <system-out/>
</testsuite> <!-- recap.java.TestNGLearning -->
