<?xml version="1.0" encoding="UTF-8"?>
<!-- Generated by org.testng.reporters.JUnitReportReporter -->
<testsuite hostname="DESKTOP-LHKJTEQ" failures="0" tests="6" name="recap.java.PriorityTags" time="0.019" errors="0" timestamp="2023-10-30T10:06:16 GMT" skipped="0">
  <testcase classname="recap.java.PriorityTags" name="tc01" time="0.011"/>
  <system-out/>
  <testcase classname="recap.java.PriorityTags" name="tc03" time="0.002"/>
  <system-out/>
  <testcase classname="recap.java.PriorityTags" name="tc02" time="0.001"/>
  <system-out/>
  <testcase classname="recap.java.PriorityTags" name="tc05" time="0.002"/>
  <system-out/>
  <testcase classname="recap.java.PriorityTags" name="tc04" time="0.002"/>
  <system-out/>
  <testcase classname="recap.java.PriorityTags" name="tco6" time="0.001"/>
  <system-out/>
</testsuite> <!-- recap.java.PriorityTags -->
