<?xml version="1.0" encoding="UTF-8"?>
<!-- Generated by org.testng.reporters.JUnitReportReporter -->
<testsuite hostname="NavinSampath" failures="0" tests="1" name="Day18.InvocationCount" time="0.046" errors="0" timestamp="2023-10-27T18:59:34 IST" skipped="0">
  <testcase classname="Day18.InvocationCount" name="click5time" time="0.046"/>
  <system-out/>
</testsuite> <!-- Day18.InvocationCount -->
