<?xml version="1.0" encoding="UTF-8"?>
<!-- Generated by org.testng.reporters.JUnitReportReporter -->
<testsuite hostname="NavinSampath" failures="0" tests="1" name="Day18.Testngarchitecure" time="0.037" errors="0" timestamp="2023-10-27T18:18:56 IST" skipped="0">
  <testcase classname="Day18.Testngarchitecure" name="tc01" time="0.037"/>
  <system-out/>
</testsuite> <!-- Day18.Testngarchitecure -->
