<?xml version="1.0" encoding="UTF-8"?>
<!-- Generated by org.testng.reporters.JUnitReportReporter -->
<testsuite hostname="NavinSampath" failures="0" tests="1" name="Day18.SeleniumwithTestng" time="1.611" errors="0" timestamp="2023-10-27T18:41:30 IST" skipped="0">
  <testcase classname="Day18.SeleniumwithTestng" name="crdentials" time="1.611"/>
  <system-out/>
</testsuite> <!-- Day18.SeleniumwithTestng -->
