<?xml version="1.0" encoding="UTF-8"?>
<!-- Generated by org.testng.reporters.JUnitReportReporter -->
<testsuite hostname="NavinSampath" failures="0" tests="5" name="Day18.PriorityTags" time="0.064" errors="0" timestamp="2023-10-27T18:48:18 IST" skipped="0">
  <testcase classname="Day18.PriorityTags" name="tc01" time="0.024"/>
  <system-out/>
  <testcase classname="Day18.PriorityTags" name="tc03" time="0.010"/>
  <system-out/>
  <testcase classname="Day18.PriorityTags" name="tc02" time="0.020"/>
  <system-out/>
  <testcase classname="Day18.PriorityTags" name="tc05" time="0.006"/>
  <system-out/>
  <testcase classname="Day18.PriorityTags" name="tc04" time="0.004"/>
  <system-out/>
</testsuite> <!-- Day18.PriorityTags -->
