<?xml version="1.0" encoding="UTF-8"?>
<!-- Generated by org.testng.reporters.JUnitReportReporter -->
<testsuite hostname="DESKTOP-LHKJTEQ" failures="0" tests="1" name="recap.java.InvocationCount" time="0.014" errors="0" timestamp="2023-10-30T11:22:35 GMT" skipped="0">
  <testcase classname="recap.java.InvocationCount" name="click5time" time="0.014"/>
  <system-out/>
</testsuite> <!-- recap.java.InvocationCount -->
