<?xml version="1.0" encoding="UTF-8"?>
<!-- Generated by org.testng.reporters.JUnitReportReporter -->
<testsuite hostname="DESKTOP-LHKJTEQ" failures="0" tests="1" name="recap.java.TestNGArch" time="0.007" errors="0" timestamp="2023-10-30T09:59:30 GMT" skipped="0">
  <testcase classname="recap.java.TestNGArch" name="credentials" time="0.007"/>
  <system-out/>
</testsuite> <!-- recap.java.TestNGArch -->
