<?xml version="1.0" encoding="UTF-8"?>
<!-- Generated by org.testng.reporters.JUnitReportReporter -->
<testsuite hostname="NavinSampath" failures="0" tests="1" name="Day18.TestNgarch1" time="0.026" errors="0" timestamp="2023-10-27T18:29:18 IST" skipped="0">
  <testcase classname="Day18.TestNgarch1" name="credentials" time="0.026"/>
  <system-out/>
</testsuite> <!-- Day18.TestNgarch1 -->
