<?xml version="1.0" encoding="UTF-8"?>
<!-- Generated by org.testng.reporters.JUnitReportReporter -->
<testsuite hostname="NavinSampath" failures="0" tests="1" name="POM.Runner" time="1.039" errors="0" timestamp="2023-10-30T19:02:01 IST" skipped="0">
  <testcase classname="POM.Runner" name="tc01" time="1.039"/>
  <system-out/>
</testsuite> <!-- POM.Runner -->
